<?xml version="1.0" encoding="UTF-8"?>
<!-- Generated by org.testng.reporters.JUnitReportReporter -->
<testsuite ignored="0" hostname="DESKTOP-R8BAB90" failures="0" tests="1" name="rough.duplicatemapentry" time="0.008" errors="0" timestamp="14 Apr 2020 17:10:04 GMT" skipped="0">
  <testcase classname="rough.duplicatemapentry" name="testa" time="0.008"/>
</testsuite> <!-- rough.duplicatemapentry -->
